# JRE version: OpenJDK Runtime Environment Temurin-17.0.13+11 (17.0.13+11) (build 17.0.13+11)
# Java VM: OpenJDK 64-Bit Server VM Temurin-17.0.13+11 (17.0.13+11, mixed mode, sharing, tiered, compressed oops, compressed class ptrs, g1 gc, windows-amd64)
GC Precious Log:
 CPUs: 8 total, 8 available
 Memory: 16221M
 Large Page Support: Disabled
 NUMA Support: Disabled
 Compressed Oops: Enabled (32-bit)
 Heap Region Size: 1M
 Heap Min Capacity: 8M
 Heap Initial Capacity: 254M
 Heap Max Capacity: 2G
 Pre-touch: Disabled
 Parallel Workers: 8
 Concurrent Workers: 2
 Concurrent Refinement Workers: 8
 Periodic GC: Disabled
Heap:
 garbage-first heap   total 406528K, used 193214K [0x0000000080000000, 0x0000000100000000)
  region size 1024K, 15 young (15360K), 6 survivors (6144K)
 Metaspace       used 187454K, committed 188672K, reserved 1310720K
  class space    used 24813K, committed 25408K, reserved 1048576K
GC Heap History (20 events):
Event: 3882.121 GC heap before
{Heap before GC invocations=105 (full 1):
 garbage-first heap   total 406528K, used 285595K [0x0000000080000000, 0x0000000100000000)
  region size 1024K, 165 young (168960K), 0 survivors (0K)
 Metaspace       used 149140K, committed 160960K, reserved 1310720K
  class space    used 20137K, committed 22208K, reserved 1048576K
}
Event: 3882.135 GC heap after
{Heap after GC invocations=106 (full 1):
 garbage-first heap   total 406528K, used 135579K [0x0000000080000000, 0x0000000100000000)
  region size 1024K, 18 young (18432K), 18 survivors (18432K)
 Metaspace       used 149140K, committed 160960K, reserved 1310720K
  class space    used 20137K, committed 22208K, reserved 1048576K
}
Event: 3885.527 GC heap before
{Heap before GC invocations=107 (full 1):
 garbage-first heap   total 406528K, used 373147K [0x0000000080000000, 0x0000000100000000)
  region size 1024K, 147 young (150528K), 18 survivors (18432K)
 Metaspace       used 169410K, committed 170496K, reserved 1310720K
  class space    used 22289K, committed 22848K, reserved 1048576K
}
Event: 3885.545 GC heap after
{Heap after GC invocations=108 (full 1):
 garbage-first heap   total 406528K, used 202367K [0x0000000080000000, 0x0000000100000000)
  region size 1024K, 10 young (10240K), 10 survivors (10240K)
 Metaspace       used 169410K, committed 170496K, reserved 1310720K
  class space    used 22289K, committed 22848K, reserved 1048576K
}
Event: 3885.703 GC heap before
{Heap before GC invocations=108 (full 1):
 garbage-first heap   total 406528K, used 219775K [0x0000000080000000, 0x0000000100000000)
  region size 1024K, 19 young (19456K), 10 survivors (10240K)
 Metaspace       used 171087K, committed 172224K, reserved 1310720K
  class space    used 22567K, committed 23104K, reserved 1048576K
}
Event: 3885.710 GC heap after
{Heap after GC invocations=109 (full 1):
 garbage-first heap   total 406528K, used 143096K [0x0000000080000000, 0x0000000100000000)
  region size 1024K, 2 young (2048K), 2 survivors (2048K)
 Metaspace       used 171087K, committed 172224K, reserved 1310720K
  class space    used 22567K, committed 23104K, reserved 1048576K
}
Event: 3886.257 GC heap before
{Heap before GC invocations=109 (full 1):
 garbage-first heap   total 406528K, used 175864K [0x0000000080000000, 0x0000000100000000)
  region size 1024K, 35 young (35840K), 2 survivors (2048K)
 Metaspace       used 177078K, committed 178240K, reserved 1310720K
  class space    used 23630K, committed 24192K, reserved 1048576K
}
Event: 3886.260 GC heap after
{Heap after GC invocations=110 (full 1):
 garbage-first heap   total 406528K, used 143797K [0x0000000080000000, 0x0000000100000000)
  region size 1024K, 3 young (3072K), 3 survivors (3072K)
 Metaspace       used 177078K, committed 178240K, reserved 1310720K
  class space    used 23630K, committed 24192K, reserved 1048576K
}
Event: 3886.356 GC heap before
{Heap before GC invocations=110 (full 1):
 garbage-first heap   total 406528K, used 178613K [0x0000000080000000, 0x0000000100000000)
  region size 1024K, 7 young (7168K), 3 survivors (3072K)
 Metaspace       used 177574K, committed 178688K, reserved 1310720K
  class space    used 23673K, committed 24192K, reserved 1048576K
}
Event: 3886.360 GC heap after
{Heap after GC invocations=111 (full 1):
 garbage-first heap   total 406528K, used 143949K [0x0000000080000000, 0x0000000100000000)
  region size 1024K, 3 young (3072K), 3 survivors (3072K)
 Metaspace       used 177574K, committed 178688K, reserved 1310720K
  class space    used 23673K, committed 24192K, reserved 1048576K
}
Event: 3888.087 GC heap before
{Heap before GC invocations=112 (full 1):
 garbage-first heap   total 406528K, used 350797K [0x0000000080000000, 0x0000000100000000)
  region size 1024K, 177 young (181248K), 3 survivors (3072K)
 Metaspace       used 184591K, committed 185792K, reserved 1310720K
  class space    used 24435K, committed 25024K, reserved 1048576K
}
Event: 3888.094 GC heap after
{Heap after GC invocations=113 (full 1):
 garbage-first heap   total 406528K, used 157187K [0x0000000080000000, 0x0000000100000000)
  region size 1024K, 9 young (9216K), 9 survivors (9216K)
 Metaspace       used 184591K, committed 185792K, reserved 1310720K
  class space    used 24435K, committed 25024K, reserved 1048576K
}
Event: 3888.150 GC heap before
{Heap before GC invocations=113 (full 1):
 garbage-first heap   total 406528K, used 170499K [0x0000000080000000, 0x0000000100000000)
  region size 1024K, 19 young (19456K), 9 survivors (9216K)
 Metaspace       used 184734K, committed 185920K, reserved 1310720K
  class space    used 24464K, committed 25024K, reserved 1048576K
}
Event: 3888.157 GC heap after
{Heap after GC invocations=114 (full 1):
 garbage-first heap   total 406528K, used 154052K [0x0000000080000000, 0x0000000100000000)
  region size 1024K, 3 young (3072K), 3 survivors (3072K)
 Metaspace       used 184734K, committed 185920K, reserved 1310720K
  class space    used 24464K, committed 25024K, reserved 1048576K
}
Event: 3888.573 GC heap before
{Heap before GC invocations=114 (full 1):
 garbage-first heap   total 406528K, used 206276K [0x0000000080000000, 0x0000000100000000)
  region size 1024K, 49 young (50176K), 3 survivors (3072K)
 Metaspace       used 186053K, committed 187264K, reserved 1310720K
  class space    used 24641K, committed 25216K, reserved 1048576K
}
Event: 3888.575 GC heap after
{Heap after GC invocations=115 (full 1):
 garbage-first heap   total 406528K, used 152993K [0x0000000080000000, 0x0000000100000000)
  region size 1024K, 2 young (2048K), 2 survivors (2048K)
 Metaspace       used 186053K, committed 187264K, reserved 1310720K
  class space    used 24641K, committed 25216K, reserved 1048576K
}
Event: 3888.668 GC heap before
{Heap before GC invocations=115 (full 1):
 garbage-first heap   total 406528K, used 194977K [0x0000000080000000, 0x0000000100000000)
  region size 1024K, 13 young (13312K), 2 survivors (2048K)
 Metaspace       used 186148K, committed 187328K, reserved 1310720K
  class space    used 24659K, committed 25216K, reserved 1048576K
}
Event: 3888.671 GC heap after
{Heap after GC invocations=116 (full 1):
 garbage-first heap   total 406528K, used 182831K [0x0000000080000000, 0x0000000100000000)
  region size 1024K, 2 young (2048K), 2 survivors (2048K)
 Metaspace       used 186148K, committed 187328K, reserved 1310720K
  class space    used 24659K, committed 25216K, reserved 1048576K
}
Event: 3890.707 GC heap before
{Heap before GC invocations=117 (full 1):
 garbage-first heap   total 406528K, used 385583K [0x0000000080000000, 0x0000000100000000)
  region size 1024K, 157 young (160768K), 2 survivors (2048K)
 Metaspace       used 186484K, committed 187712K, reserved 1310720K
  class space    used 24701K, committed 25280K, reserved 1048576K
}
Event: 3890.710 GC heap after
{Heap after GC invocations=118 (full 1):
 garbage-first heap   total 406528K, used 165566K [0x0000000080000000, 0x0000000100000000)
  region size 1024K, 6 young (6144K), 6 survivors (6144K)
 Metaspace       used 186484K, committed 187712K, reserved 1310720K
  class space    used 24701K, committed 25280K, reserved 1048576K
}

